
Starting Unicycler (2020-04-18 09:31:09)
----------------------------------------
    Welcome to Unicycler, an assembly pipeline for bacterial genomes. Since you provided only long reads, Unicycler will assemble the reads with miniasm and then run repeated polishing rounds using Racon.
    For more information, please see https://github.com/rrwick/Unicycler

Command: /opt/conda/bin/unicycler -l /tmp/porechop/CPO20180100.q7.fastq.gz -o /tmp/out

Unicycler version: v0.4.7
Using 4 threads

Making output directory:
  /tmp/out

Dependencies:
  Program         Version   Status  
  spades.py                 not used
  racon           1.4.0     good    
  makeblastdb     2.9.0+    good    
  tblastn         2.9.0+    good    
  bowtie2-build             not used
  bowtie2                   not used
  samtools                  not used
  java                      not used
  pilon                     not used
  bcftools                  not used


Loading reads (2020-04-18 09:31:09)
-----------------------------------
110,271 / 110,271 (100.0%) - 1,046,661,843 bp


Assembling contigs and long reads with miniasm (2020-04-18 09:31:55)
--------------------------------------------------------------------
Saving to /tmp/out/miniasm_assembly/01_assembly_reads.fastq:
  110,271 long reads

Finding overlaps with minimap... 
